<?xml version="1.0" encoding="UTF-8"?>
<robot generator="Robot 7.2.2 (Python 3.12.0 on win32)" generated="2025-03-07T01:09:29.871192" rpa="false" schemaversion="5">
<suite id="s1" name="Test Incident" source="C:\Users\geams\OneDrive\Bureau\ProjetAlten\test_incident.robot">
<test id="s1-t1" name="Créer un ticket Jira et effectuer des actions post-création" line="15">
<kw name="Créer un ticket Jira">
<kw name="Create Dictionary" owner="BuiltIn">
<msg time="2025-03-07T01:09:30.396192" level="INFO">${project} = {'key': 'AL'}</msg>
<var>${project}</var>
<arg>key=AL</arg>
<doc>Creates and returns a dictionary based on the given ``items``.</doc>
<status status="PASS" start="2025-03-07T01:09:30.396192" elapsed="0.000000"/>
</kw>
<kw name="Create Dictionary" owner="BuiltIn">
<msg time="2025-03-07T01:09:30.396192" level="INFO">${issuetype} = {'name': 'Tâche'}</msg>
<var>${issuetype}</var>
<arg>name=Tâche</arg>
<doc>Creates and returns a dictionary based on the given ``items``.</doc>
<status status="PASS" start="2025-03-07T01:09:30.396192" elapsed="0.000000"/>
</kw>
<kw name="Create Dictionary" owner="BuiltIn">
<msg time="2025-03-07T01:09:30.397192" level="INFO">${fields} = {'project': {'key': 'AL'}, 'summary': 'Incident de test depuis Robot Framework', 'description': 'Test manuel avant automatisation', 'issuetype': {'name': 'Tâche'}}</msg>
<var>${fields}</var>
<arg>project=${project}</arg>
<arg>summary=Incident de test depuis Robot Framework</arg>
<arg>description=Test manuel avant automatisation</arg>
<arg>issuetype=${issuetype}</arg>
<doc>Creates and returns a dictionary based on the given ``items``.</doc>
<status status="PASS" start="2025-03-07T01:09:30.396192" elapsed="0.001000"/>
</kw>
<kw name="Create Dictionary" owner="BuiltIn">
<msg time="2025-03-07T01:09:30.397192" level="INFO">${data} = {'fields': {'project': {'key': 'AL'}, 'summary': 'Incident de test depuis Robot Framework', 'description': 'Test manuel avant automatisation', 'issuetype': {'name': 'Tâche'}}}</msg>
<var>${data}</var>
<arg>fields=${fields}</arg>
<doc>Creates and returns a dictionary based on the given ``items``.</doc>
<status status="PASS" start="2025-03-07T01:09:30.397192" elapsed="0.000000"/>
</kw>
<kw name="Create Dictionary" owner="BuiltIn">
<msg time="2025-03-07T01:09:30.397192" level="INFO">${headers} = {'Content-Type': 'application/json'}</msg>
<var>${headers}</var>
<arg>Content-Type=application/json</arg>
<doc>Creates and returns a dictionary based on the given ``items``.</doc>
<status status="PASS" start="2025-03-07T01:09:30.397192" elapsed="0.000000"/>
</kw>
<kw name="Create List" owner="BuiltIn">
<msg time="2025-03-07T01:09:30.397192" level="INFO">${auth} = ['riadamine59@gmail.com', 'ATATT3xFfGF0aAZapsM-L_APMxFiUDL8l_OWdCjwlVs_urzUiVtmHpzI1wDtZJ7nVXc5VQpbc1tTeQ1HV4lKRPeZiEes-bXo_itdTThE1EiYYa-xIRnCXYC29Pj3z3ihD7O3Ca0nwOlhdN6HP5ktV5gZOsrOpfp2rprfJ1y1NhsOl...</msg>
<var>${auth}</var>
<arg>${JIRA_USER}</arg>
<arg>${JIRA_TOKEN}</arg>
<doc>Returns a list containing given items.</doc>
<status status="PASS" start="2025-03-07T01:09:30.397192" elapsed="0.000000"/>
</kw>
<kw name="Create Session" owner="RequestsLibrary">
<msg time="2025-03-07T01:09:30.397192" level="INFO">Creating Session using : alias=jira, url=https://riadamine59.atlassian.net, headers={'Content-Type': 'application/json'},                     cookies={}, auth=&lt;requests.auth.HTTPBasicAuth object at 0x0000028D286FBDD0&gt;, timeout=None, proxies=None, verify=False,                     debug=0 </msg>
<arg>jira</arg>
<arg>${JIRA_URL}</arg>
<arg>auth=${auth}</arg>
<arg>headers=${headers}</arg>
<arg>verify=False</arg>
<doc>Create Session: create a HTTP session to a server</doc>
<status status="PASS" start="2025-03-07T01:09:30.397192" elapsed="0.001000"/>
</kw>
<kw name="POST On Session" owner="RequestsLibrary">
<msg time="2025-03-07T01:09:32.074747" level="INFO">POST Request : url=https://riadamine59.atlassian.net/rest/api/2/issue 
 path_url=/rest/api/2/issue 
 headers={'User-Agent': 'python-requests/2.32.3', 'Accept-Encoding': 'gzip, deflate', 'Accept': '*/*', 'Connection': 'keep-alive', 'Content-Type': 'application/json', 'Content-Length': '180', 'Authorization': 'Basic cmlhZGFtaW5lNTlAZ21haWwuY29tOkFUQVRUM3hGZkdGMGFBWmFwc00tTF9BUE14RmlVREw4bF9PV2RDandsVnNfdXJ6VWlWdG1IcHpJMXdEdFpKN25WWGM1VlFwYmMxdFRlUTFIVjRsS1JQZVppRWVzLWJYb19pdGRUVGhFMUVpWVlhLXhJUm5DWFlDMjlQajN6M2loRDdPM0NhMG53T2xoZE42SFA1a3RWNWdaT3NyT3BmcDJycHJmSjF5MU5oc09sM0g5akZvc0FTcz00REIyQUE1Qw=='} 
 body=b'{"fields": {"project": {"key": "AL"}, "summary": "Incident de test depuis Robot Framework", "description": "Test manuel avant automatisation", "issuetype": {"name": "T\\u00e2che"}}}' 
 </msg>
<msg time="2025-03-07T01:09:32.074747" level="INFO">POST Response : url=https://riadamine59.atlassian.net/rest/api/2/issue 
 status=201, reason=Created 
 headers={'Date': 'Fri, 07 Mar 2025 01:09:31 GMT', 'Content-Type': 'application/json;charset=UTF-8', 'Server': 'AtlassianEdge', 'Timing-Allow-Origin': '*', 'X-Arequestid': '40f394db39bc7e8eb4fc807dd0628c08', 'Set-Cookie': 'atlassian.xsrf.token=d9b97d3818a79e56c2bda41dc92dddb5062a2008_lin; Path=/; SameSite=None; Secure', 'X-Aaccountid': '712020%3Ac146a5a7-0bdb-43fd-9bd9-fe6a6b68fde4', 'Cache-Control': 'no-cache, no-store, no-transform', 'Vary': 'Accept-Encoding', 'X-Content-Type-Options': 'nosniff', 'X-Xss-Protection': '1; mode=block', 'Atl-Traceid': '95a997568f0f4f1092a6a375618a0562', 'Atl-Request-Id': '95a99756-8f0f-4f10-92a6-a375618a0562', 'Strict-Transport-Security': 'max-age=63072000; includeSubDomains; preload', 'Report-To': '{"endpoints": [{"url": "https://dz8aopenkvv6s.cloudfront.net"}], "group": "endpoint-1", "include_subdomains": true, "max_age": 600}', 'Nel': '{"failure_fraction": 0.001, "include_subdomains": true, "max_age": 600, "report_to": "endpoint-1"}', 'Server-Timing': 'atl-edge;dur=857,atl-edge-internal;dur=54,atl-edge-upstream;dur=804,atl-edge-pop;desc="aws-eu-central-2"', 'Transfer-Encoding': 'chunked'} 
 body={"id":"10133","key":"AL-52","self":"https://riadamine59.atlassian.net/rest/api/2/issue/10133"} 
 </msg>
<msg time="2025-03-07T01:09:32.074747" level="INFO">c:\Users\geams\OneDrive\Bureau\ProjetAlten\.venv\Lib\site-packages\urllib3\connectionpool.py:1097: InsecureRequestWarning: Unverified HTTPS request is being made to host 'riadamine59.atlassian.net'. Adding certificate verification is strongly advised. See: https://urllib3.readthedocs.io/en/latest/advanced-usage.html#tls-warnings
  warnings.warn(</msg>
<msg time="2025-03-07T01:09:32.075680" level="INFO">${response} = &lt;Response [201]&gt;</msg>
<var>${response}</var>
<arg>jira</arg>
<arg>/rest/api/2/issue</arg>
<arg>json=${data}</arg>
<doc>Sends a POST request on a previously created HTTP Session.</doc>
<status status="PASS" start="2025-03-07T01:09:30.398192" elapsed="1.677488"/>
</kw>
<kw name="Should Be Equal As Numbers" owner="BuiltIn">
<msg time="2025-03-07T01:09:32.075680" level="INFO">Argument types are:
&lt;class 'int'&gt;
&lt;class 'str'&gt;</msg>
<arg>${response.status_code}</arg>
<arg>201</arg>
<doc>Fails if objects are unequal after converting them to real numbers.</doc>
<status status="PASS" start="2025-03-07T01:09:32.075680" elapsed="0.000000"/>
</kw>
<kw name="Get Value From Json" owner="JSONLibrary">
<msg time="2025-03-07T01:09:32.089680" level="INFO">${ticket_id} = ['10133']</msg>
<var>${ticket_id}</var>
<arg>${response.json()}</arg>
<arg>$.id</arg>
<doc>Get Value From JSON using JSONPath</doc>
<status status="PASS" start="2025-03-07T01:09:32.075680" elapsed="0.014000"/>
</kw>
<kw name="Set Variable" owner="BuiltIn">
<msg time="2025-03-07T01:09:32.089680" level="INFO">${ticket_id} = 10133</msg>
<var>${ticket_id}</var>
<arg>${ticket_id}[0]</arg>
<doc>Returns the given values which can then be assigned to a variables.</doc>
<status status="PASS" start="2025-03-07T01:09:32.089680" elapsed="0.000000"/>
</kw>
<kw name="Log" owner="BuiltIn">
<msg time="2025-03-07T01:09:32.090681" level="INFO">"🔹 ID du ticket Jira: 10133"</msg>
<arg>"🔹 ID du ticket Jira: ${ticket_id}"</arg>
<doc>Logs the given message with the given level.</doc>
<status status="PASS" start="2025-03-07T01:09:32.089680" elapsed="0.001001"/>
</kw>
<kw name="Log" owner="BuiltIn">
<msg time="2025-03-07T01:09:32.090681" level="INFO">"✅ Ticket créé : 10133"</msg>
<arg>"✅ Ticket créé : ${ticket_id}"</arg>
<doc>Logs the given message with the given level.</doc>
<status status="PASS" start="2025-03-07T01:09:32.090681" elapsed="0.000000"/>
</kw>
<return>
<value>${ticket_id}</value>
<status status="PASS" start="2025-03-07T01:09:32.091679" elapsed="0.000000"/>
</return>
<msg time="2025-03-07T01:09:32.091679" level="INFO">${ticket_id} = 10133</msg>
<var>${ticket_id}</var>
<doc>Création d'un ticket Jira et retour de son ID.</doc>
<status status="PASS" start="2025-03-07T01:09:30.395191" elapsed="1.696488"/>
</kw>
<kw name="Lister les transitions disponibles">
<kw name="GET On Session" owner="RequestsLibrary">
<msg time="2025-03-07T01:09:32.280995" level="INFO">GET Request : url=https://riadamine59.atlassian.net/rest/api/2/issue/10133/transitions 
 path_url=/rest/api/2/issue/10133/transitions 
 headers={'User-Agent': 'python-requests/2.32.3', 'Accept-Encoding': 'gzip, deflate', 'Accept': '*/*', 'Connection': 'keep-alive', 'Content-Type': 'application/json', 'Cookie': 'atlassian.xsrf.token=d9b97d3818a79e56c2bda41dc92dddb5062a2008_lin', 'Authorization': 'Basic cmlhZGFtaW5lNTlAZ21haWwuY29tOkFUQVRUM3hGZkdGMGFBWmFwc00tTF9BUE14RmlVREw4bF9PV2RDandsVnNfdXJ6VWlWdG1IcHpJMXdEdFpKN25WWGM1VlFwYmMxdFRlUTFIVjRsS1JQZVppRWVzLWJYb19pdGRUVGhFMUVpWVlhLXhJUm5DWFlDMjlQajN6M2loRDdPM0NhMG53T2xoZE42SFA1a3RWNWdaT3NyT3BmcDJycHJmSjF5MU5oc09sM0g5akZvc0FTcz00REIyQUE1Qw=='} 
 body=None 
 </msg>
<msg time="2025-03-07T01:09:32.280995" level="INFO">GET Response : url=https://riadamine59.atlassian.net/rest/api/2/issue/10133/transitions 
 status=200, reason=OK 
 headers={'Date': 'Fri, 07 Mar 2025 01:09:31 GMT', 'Content-Type': 'application/json;charset=UTF-8', 'Server': 'AtlassianEdge', 'Timing-Allow-Origin': '*', 'X-Arequestid': '31b49f9e68bcafc4bb59659f488c68bb', 'X-Aaccountid': '712020%3Ac146a5a7-0bdb-43fd-9bd9-fe6a6b68fde4', 'Cache-Control': 'no-cache, no-store, no-transform', 'Vary': 'Accept-Encoding', 'Content-Encoding': 'gzip', 'X-Content-Type-Options': 'nosniff', 'X-Xss-Protection': '1; mode=block', 'Atl-Traceid': '62e35d87aede4fe38cd635690104345e', 'Atl-Request-Id': '62e35d87-aede-4fe3-8cd6-35690104345e', 'Strict-Transport-Security': 'max-age=63072000; includeSubDomains; preload', 'Report-To': '{"endpoints": [{"url": "https://dz8aopenkvv6s.cloudfront.net"}], "group": "endpoint-1", "include_subdomains": true, "max_age": 600}', 'Nel': '{"failure_fraction": 0.001, "include_subdomains": true, "max_age": 600, "report_to": "endpoint-1"}', 'Server-Timing': 'atl-edge;dur=132,atl-edge-internal;dur=12,atl-edge-upstream;dur=121,atl-edge-pop;desc="aws-eu-central-2"', 'Transfer-Encoding': 'chunked'} 
 body={"expand":"transitions","transitions":[{"id":"151","name":"Done","to":{"self":"https://riadamine59.atlassian.net/rest/api/2/status/10002","description":"","iconUrl":"https://riadamine59.atlassian.net/","name":"Terminé(e)","id":"10002","statusCategory":{"self":"https://riadamine59.atlassian.net/rest/api/2/statuscategory/3","id":3,"key":"done","colorName":"green","name":"Terminé"}},"hasScreen":false,"isGlobal":true,"isInitial":false,"isAvailable":true,"isConditional":false,"isLooped":false},{"id":"171","name":"Rejected","to":{"self":"https://riadamine59.atlassian.net/rest/api/2/status/10004","description":"","iconUrl":"https://riadamine59.atlassian.net/","name":"Rejeté","id":"10004","statusCategory":{"self":"https://riadamine59.atlassian.net/rest/api/2/statuscategory/3","id":3,"key":"done","colorName":"green","name":"Terminé"}},"hasScreen":false,"isGlobal":true,"isInitial":false,"isAvailable":true,"isConditional":false,"isLooped":false},{"id":"181","name":"In Progress","to":{"self":"https://riadamine59.atlassian.net/rest/api/2/status/10001","description":"Ce ticket est en cours de traitement par la personne assignée.","iconUrl":"https://riadamine59.atlassian.net/","name":"En cours","id":"10001","statusCategory":{"self":"https://riadamine59.atlassian.net/rest/api/2/statuscategory/4","id":4,"key":"indeterminate","colorName":"yellow","name":"En cours"}},"hasScreen":false,"isGlobal":true,"isInitial":false,"isAvailable":true,"isConditional":false,"isLooped":false},{"id":"191","name":"Cancelled","to":{"self":"https://riadamine59.atlassian.net/rest/api/2/status/10003","description":"","iconUrl":"https://riadamine59.atlassian.net/","name":"Annulé","id":"10003","statusCategory":{"self":"https://riadamine59.atlassian.net/rest/api/2/statuscategory/3","id":3,"key":"done","colorName":"green","name":"Terminé"}},"hasScreen":false,"isGlobal":true,"isInitial":false,"isAvailable":true,"isConditional":false,"isLooped":false},{"id":"211","name":"In Review","to":{"self":"https://riadamine59.atlassian.net/rest/api/2/status/10005","description":"","iconUrl":"https://riadamine59.atlassian.net/","name":"Revue en cours","id":"10005","statusCategory":{"self":"https://riadamine59.atlassian.net/rest/api/2/statuscategory/4","id":4,"key":"indeterminate","colorName":"yellow","name":"En cours"}},"hasScreen":false,"isGlobal":true,"isInitial":false,"isAvailable":true,"isConditional":false,"isLooped":false}]} 
 </msg>
<msg time="2025-03-07T01:09:32.280995" level="INFO">c:\Users\geams\OneDrive\Bureau\ProjetAlten\.venv\Lib\site-packages\urllib3\connectionpool.py:1097: InsecureRequestWarning: Unverified HTTPS request is being made to host 'riadamine59.atlassian.net'. Adding certificate verification is strongly advised. See: https://urllib3.readthedocs.io/en/latest/advanced-usage.html#tls-warnings
  warnings.warn(</msg>
<msg time="2025-03-07T01:09:32.282011" level="INFO">${available_transitions} = &lt;Response [200]&gt;</msg>
<var>${available_transitions}</var>
<arg>jira</arg>
<arg>/rest/api/2/issue/${ticket_id}/transitions</arg>
<doc>Sends a GET request on a previously created HTTP Session.</doc>
<status status="PASS" start="2025-03-07T01:09:32.092679" elapsed="0.189332"/>
</kw>
<kw name="Log" owner="BuiltIn">
<msg time="2025-03-07T01:09:32.283011" level="INFO">"Transitions disponibles pour le ticket 10133:"</msg>
<arg>"Transitions disponibles pour le ticket ${ticket_id}:"</arg>
<doc>Logs the given message with the given level.</doc>
<status status="PASS" start="2025-03-07T01:09:32.282011" elapsed="0.001000"/>
</kw>
<for flavor="IN">
<iter>
<kw name="Log" owner="BuiltIn">
<msg time="2025-03-07T01:09:32.283011" level="INFO">"ID: 151, Nom: Done"</msg>
<arg>"ID: ${transition["id"]}, Nom: ${transition["name"]}"</arg>
<doc>Logs the given message with the given level.</doc>
<status status="PASS" start="2025-03-07T01:09:32.283011" elapsed="0.001000"/>
</kw>
<var name="${transition}">{'id': '151', 'name': 'Done', 'to': {'self': 'https://riadamine59.atlassian.net/rest/api/2/status/10002', 'description': '', 'iconUrl': 'https://riadamine59.atlassian.net/', 'name': 'Terminé(e)', 'id'...</var>
<status status="PASS" start="2025-03-07T01:09:32.283011" elapsed="0.001000"/>
</iter>
<iter>
<kw name="Log" owner="BuiltIn">
<msg time="2025-03-07T01:09:32.284011" level="INFO">"ID: 171, Nom: Rejected"</msg>
<arg>"ID: ${transition["id"]}, Nom: ${transition["name"]}"</arg>
<doc>Logs the given message with the given level.</doc>
<status status="PASS" start="2025-03-07T01:09:32.284011" elapsed="0.000000"/>
</kw>
<var name="${transition}">{'id': '171', 'name': 'Rejected', 'to': {'self': 'https://riadamine59.atlassian.net/rest/api/2/status/10004', 'description': '', 'iconUrl': 'https://riadamine59.atlassian.net/', 'name': 'Rejeté', 'id'...</var>
<status status="PASS" start="2025-03-07T01:09:32.284011" elapsed="0.000000"/>
</iter>
<iter>
<kw name="Log" owner="BuiltIn">
<msg time="2025-03-07T01:09:32.285011" level="INFO">"ID: 181, Nom: In Progress"</msg>
<arg>"ID: ${transition["id"]}, Nom: ${transition["name"]}"</arg>
<doc>Logs the given message with the given level.</doc>
<status status="PASS" start="2025-03-07T01:09:32.284011" elapsed="0.001000"/>
</kw>
<var name="${transition}">{'id': '181', 'name': 'In Progress', 'to': {'self': 'https://riadamine59.atlassian.net/rest/api/2/status/10001', 'description': 'Ce ticket est en cours de traitement par la personne assignée.', 'iconU...</var>
<status status="PASS" start="2025-03-07T01:09:32.284011" elapsed="0.001000"/>
</iter>
<iter>
<kw name="Log" owner="BuiltIn">
<msg time="2025-03-07T01:09:32.285011" level="INFO">"ID: 191, Nom: Cancelled"</msg>
<arg>"ID: ${transition["id"]}, Nom: ${transition["name"]}"</arg>
<doc>Logs the given message with the given level.</doc>
<status status="PASS" start="2025-03-07T01:09:32.285011" elapsed="0.000000"/>
</kw>
<var name="${transition}">{'id': '191', 'name': 'Cancelled', 'to': {'self': 'https://riadamine59.atlassian.net/rest/api/2/status/10003', 'description': '', 'iconUrl': 'https://riadamine59.atlassian.net/', 'name': 'Annulé', 'id...</var>
<status status="PASS" start="2025-03-07T01:09:32.285011" elapsed="0.000000"/>
</iter>
<iter>
<kw name="Log" owner="BuiltIn">
<msg time="2025-03-07T01:09:32.286010" level="INFO">"ID: 211, Nom: In Review"</msg>
<arg>"ID: ${transition["id"]}, Nom: ${transition["name"]}"</arg>
<doc>Logs the given message with the given level.</doc>
<status status="PASS" start="2025-03-07T01:09:32.286010" elapsed="0.000000"/>
</kw>
<var name="${transition}">{'id': '211', 'name': 'In Review', 'to': {'self': 'https://riadamine59.atlassian.net/rest/api/2/status/10005', 'description': '', 'iconUrl': 'https://riadamine59.atlassian.net/', 'name': 'Revue en cou...</var>
<status status="PASS" start="2025-03-07T01:09:32.285011" elapsed="0.000999"/>
</iter>
<var>${transition}</var>
<value>@{available_transitions.json()["transitions"]}</value>
<status status="PASS" start="2025-03-07T01:09:32.283011" elapsed="0.002999"/>
</for>
<return>
<value>${available_transitions.json()["transitions"]}</value>
<status status="PASS" start="2025-03-07T01:09:32.286010" elapsed="0.000000"/>
</return>
<msg time="2025-03-07T01:09:32.286010" level="INFO">${transitions} = [{'id': '151', 'name': 'Done', 'to': {'self': 'https://riadamine59.atlassian.net/rest/api/2/status/10002', 'description': '', 'iconUrl': 'https://riadamine59.atlassian.net/', 'name': 'Terminé(e)', 'id...</msg>
<var>${transitions}</var>
<arg>${ticket_id}</arg>
<doc>Affiche toutes les transitions disponibles pour un ticket</doc>
<status status="PASS" start="2025-03-07T01:09:32.091679" elapsed="0.194331"/>
</kw>
<kw name="Ajouter un commentaire">
<kw name="Create Dictionary" owner="BuiltIn">
<msg time="2025-03-07T01:09:32.287010" level="INFO">${data} = {'body': '"Ce ticket a été créé automatiquement via Robot Framework et a été commenté."'}</msg>
<var>${data}</var>
<arg>body=${commentaire}</arg>
<doc>Creates and returns a dictionary based on the given ``items``.</doc>
<status status="PASS" start="2025-03-07T01:09:32.287010" elapsed="0.000000"/>
</kw>
<kw name="POST On Session" owner="RequestsLibrary">
<msg time="2025-03-07T01:09:33.294654" level="INFO">POST Request : url=https://riadamine59.atlassian.net/rest/api/2/issue/10133/comment 
 path_url=/rest/api/2/issue/10133/comment 
 headers={'User-Agent': 'python-requests/2.32.3', 'Accept-Encoding': 'gzip, deflate', 'Accept': '*/*', 'Connection': 'keep-alive', 'Content-Type': 'application/json', 'Cookie': 'atlassian.xsrf.token=d9b97d3818a79e56c2bda41dc92dddb5062a2008_lin', 'Content-Length': '126', 'Authorization': 'Basic cmlhZGFtaW5lNTlAZ21haWwuY29tOkFUQVRUM3hGZkdGMGFBWmFwc00tTF9BUE14RmlVREw4bF9PV2RDandsVnNfdXJ6VWlWdG1IcHpJMXdEdFpKN25WWGM1VlFwYmMxdFRlUTFIVjRsS1JQZVppRWVzLWJYb19pdGRUVGhFMUVpWVlhLXhJUm5DWFlDMjlQajN6M2loRDdPM0NhMG53T2xoZE42SFA1a3RWNWdaT3NyT3BmcDJycHJmSjF5MU5oc09sM0g5akZvc0FTcz00REIyQUE1Qw=='} 
 body=b'{"body": "\\"Ce ticket a \\u00e9t\\u00e9 cr\\u00e9\\u00e9 automatiquement via Robot Framework et a \\u00e9t\\u00e9 comment\\u00e9.\\""}' 
 </msg>
<msg time="2025-03-07T01:09:33.294654" level="INFO">POST Response : url=https://riadamine59.atlassian.net/rest/api/2/issue/10133/comment 
 status=201, reason=Created 
 headers={'Date': 'Fri, 07 Mar 2025 01:09:32 GMT', 'Content-Type': 'application/json;charset=UTF-8', 'Server': 'AtlassianEdge', 'Timing-Allow-Origin': '*', 'X-Arequestid': 'b0a2ca849958d55c3d2e8e84d708af18', 'X-Aaccountid': '712020%3Ac146a5a7-0bdb-43fd-9bd9-fe6a6b68fde4', 'Cache-Control': 'no-cache, no-store, no-transform', 'Location': 'https://riadamine59.atlassian.net/rest/api/2/issue/10133/comment/10058', 'Vary': 'Accept-Encoding', 'X-Content-Type-Options': 'nosniff', 'X-Xss-Protection': '1; mode=block', 'Atl-Traceid': 'fdbfda629d7b409fb21bb4401d0e10bb', 'Atl-Request-Id': 'fdbfda62-9d7b-409f-b21b-b4401d0e10bb', 'Strict-Transport-Security': 'max-age=63072000; includeSubDomains; preload', 'Report-To': '{"endpoints": [{"url": "https://dz8aopenkvv6s.cloudfront.net"}], "group": "endpoint-1", "include_subdomains": true, "max_age": 600}', 'Nel': '{"failure_fraction": 0.001, "include_subdomains": true, "max_age": 600, "report_to": "endpoint-1"}', 'Server-Timing': 'atl-edge;dur=843,atl-edge-internal;dur=12,atl-edge-upstream;dur=831,atl-edge-pop;desc="aws-eu-central-2"', 'Transfer-Encoding': 'chunked'} 
 body={"self":"https://riadamine59.atlassian.net/rest/api/2/issue/10133/comment/10058","id":"10058","author":{"self":"https://riadamine59.atlassian.net/rest/api/2/user?accountId=712020%3Ac146a5a7-0bdb-43fd-9bd9-fe6a6b68fde4","accountId":"712020:c146a5a7-0bdb-43fd-9bd9-fe6a6b68fde4","emailAddress":"riadamine59@gmail.com","avatarUrls":{"48x48":"https://secure.gravatar.com/avatar/91107b565c24a90945b353d3b124c68f?d=https%3A%2F%2Favatar-management--avatars.us-west-2.prod.public.atl-paas.net%2Finitials%2FRM-6.png","24x24":"https://secure.gravatar.com/avatar/91107b565c24a90945b353d3b124c68f?d=https%3A%2F%2Favatar-management--avatars.us-west-2.prod.public.atl-paas.net%2Finitials%2FRM-6.png","16x16":"https://secure.gravatar.com/avatar/91107b565c24a90945b353d3b124c68f?d=https%3A%2F%2Favatar-management--avatars.us-west-2.prod.public.atl-paas.net%2Finitials%2FRM-6.png","32x32":"https://secure.gravatar.com/avatar/91107b565c24a90945b353d3b124c68f?d=https%3A%2F%2Favatar-management--avatars.us-west-2.prod.public.atl-paas.net%2Finitials%2FRM-6.png"},"displayName":"Riad El Moudden","active":true,"timeZone":"Africa/Casablanca","accountType":"atlassian"},"body":"\"Ce ticket a été créé automatiquement via Robot Framework et a été commenté.\"","updateAuthor":{"self":"https://riadamine59.atlassian.net/rest/api/2/user?accountId=712020%3Ac146a5a7-0bdb-43fd-9bd9-fe6a6b68fde4","accountId":"712020:c146a5a7-0bdb-43fd-9bd9-fe6a6b68fde4","emailAddress":"riadamine59@gmail.com","avatarUrls":{"48x48":"https://secure.gravatar.com/avatar/91107b565c24a90945b353d3b124c68f?d=https%3A%2F%2Favatar-management--avatars.us-west-2.prod.public.atl-paas.net%2Finitials%2FRM-6.png","24x24":"https://secure.gravatar.com/avatar/91107b565c24a90945b353d3b124c68f?d=https%3A%2F%2Favatar-management--avatars.us-west-2.prod.public.atl-paas.net%2Finitials%2FRM-6.png","16x16":"https://secure.gravatar.com/avatar/91107b565c24a90945b353d3b124c68f?d=https%3A%2F%2Favatar-management--avatars.us-west-2.prod.public.atl-paas.net%2Finitials%2FRM-6.png","32x32":"https://secure.gravatar.com/avatar/91107b565c24a90945b353d3b124c68f?d=https%3A%2F%2Favatar-management--avatars.us-west-2.prod.public.atl-paas.net%2Finitials%2FRM-6.png"},"displayName":"Riad El Moudden","active":true,"timeZone":"Africa/Casablanca","accountType":"atlassian"},"created":"2025-03-07T01:09:32.074+0000","updated":"2025-03-07T01:09:32.074+0000","jsdPublic":true} 
 </msg>
<msg time="2025-03-07T01:09:33.294654" level="INFO">c:\Users\geams\OneDrive\Bureau\ProjetAlten\.venv\Lib\site-packages\urllib3\connectionpool.py:1097: InsecureRequestWarning: Unverified HTTPS request is being made to host 'riadamine59.atlassian.net'. Adding certificate verification is strongly advised. See: https://urllib3.readthedocs.io/en/latest/advanced-usage.html#tls-warnings
  warnings.warn(</msg>
<msg time="2025-03-07T01:09:33.295640" level="INFO">${response} = &lt;Response [201]&gt;</msg>
<var>${response}</var>
<arg>jira</arg>
<arg>/rest/api/2/issue/${ticket_id}/comment</arg>
<arg>json=${data}</arg>
<doc>Sends a POST request on a previously created HTTP Session.</doc>
<status status="PASS" start="2025-03-07T01:09:32.287010" elapsed="1.008630"/>
</kw>
<kw name="Should Be Equal As Numbers" owner="BuiltIn">
<msg time="2025-03-07T01:09:33.296639" level="INFO">Argument types are:
&lt;class 'int'&gt;
&lt;class 'str'&gt;</msg>
<arg>${response.status_code}</arg>
<arg>201</arg>
<doc>Fails if objects are unequal after converting them to real numbers.</doc>
<status status="PASS" start="2025-03-07T01:09:33.295640" elapsed="0.000999"/>
</kw>
<kw name="Log" owner="BuiltIn">
<msg time="2025-03-07T01:09:33.296639" level="INFO">"✅ Commentaire ajouté au ticket 10133"</msg>
<arg>"✅ Commentaire ajouté au ticket ${ticket_id}"</arg>
<doc>Logs the given message with the given level.</doc>
<status status="PASS" start="2025-03-07T01:09:33.296639" elapsed="0.000000"/>
</kw>
<arg>${ticket_id}</arg>
<arg>"Ce ticket a été créé automatiquement via Robot Framework et a été commenté."</arg>
<doc>Ajoute un commentaire à un ticket Jira.</doc>
<status status="PASS" start="2025-03-07T01:09:32.287010" elapsed="1.009629"/>
</kw>
<kw name="Mettre à jour le statut du ticket">
<kw name="Convert To String" owner="BuiltIn">
<msg time="2025-03-07T01:09:33.297639" level="INFO">${transition_id} = 211</msg>
<var>${transition_id}</var>
<arg>${transition_id}</arg>
<doc>Converts the given item to a Unicode string.</doc>
<status status="PASS" start="2025-03-07T01:09:33.297639" elapsed="0.000000"/>
</kw>
<kw name="Log" owner="BuiltIn">
<msg time="2025-03-07T01:09:33.297639" level="INFO">"🔹 Tentative de mise à jour du ticket 10133 avec la transition ID 211"</msg>
<arg>"🔹 Tentative de mise à jour du ticket ${ticket_id} avec la transition ID ${transition_id}"</arg>
<doc>Logs the given message with the given level.</doc>
<status status="PASS" start="2025-03-07T01:09:33.297639" elapsed="0.000000"/>
</kw>
<kw name="Create Dictionary" owner="BuiltIn">
<msg time="2025-03-07T01:09:33.297639" level="INFO">${transition} = {'id': '211'}</msg>
<var>${transition}</var>
<arg>id=${transition_id}</arg>
<doc>Creates and returns a dictionary based on the given ``items``.</doc>
<status status="PASS" start="2025-03-07T01:09:33.297639" elapsed="0.000000"/>
</kw>
<kw name="Create Dictionary" owner="BuiltIn">
<msg time="2025-03-07T01:09:33.297639" level="INFO">${data} = {'transition': {'id': '211'}}</msg>
<var>${data}</var>
<arg>transition=${transition}</arg>
<doc>Creates and returns a dictionary based on the given ``items``.</doc>
<status status="PASS" start="2025-03-07T01:09:33.297639" elapsed="0.000000"/>
</kw>
<kw name="POST On Session" owner="RequestsLibrary">
<msg time="2025-03-07T01:09:34.273390" level="INFO">POST Request : url=https://riadamine59.atlassian.net/rest/api/2/issue/10133/transitions 
 path_url=/rest/api/2/issue/10133/transitions 
 headers={'User-Agent': 'python-requests/2.32.3', 'Accept-Encoding': 'gzip, deflate', 'Accept': '*/*', 'Connection': 'keep-alive', 'Content-Type': 'application/json', 'Cookie': 'atlassian.xsrf.token=d9b97d3818a79e56c2bda41dc92dddb5062a2008_lin', 'Content-Length': '29', 'Authorization': 'Basic cmlhZGFtaW5lNTlAZ21haWwuY29tOkFUQVRUM3hGZkdGMGFBWmFwc00tTF9BUE14RmlVREw4bF9PV2RDandsVnNfdXJ6VWlWdG1IcHpJMXdEdFpKN25WWGM1VlFwYmMxdFRlUTFIVjRsS1JQZVppRWVzLWJYb19pdGRUVGhFMUVpWVlhLXhJUm5DWFlDMjlQajN6M2loRDdPM0NhMG53T2xoZE42SFA1a3RWNWdaT3NyT3BmcDJycHJmSjF5MU5oc09sM0g5akZvc0FTcz00REIyQUE1Qw=='} 
 body=b'{"transition": {"id": "211"}}' 
 </msg>
<msg time="2025-03-07T01:09:34.273390" level="INFO">POST Response : url=https://riadamine59.atlassian.net/rest/api/2/issue/10133/transitions 
 status=204, reason=No Content 
 headers={'Date': 'Fri, 07 Mar 2025 01:09:33 GMT', 'Content-Type': 'text/html;charset=UTF-8', 'Server': 'AtlassianEdge', 'Timing-Allow-Origin': '*', 'X-Arequestid': '66a5b67e4d6812561acd1d30d05fb414', 'X-Aaccountid': '712020%3Ac146a5a7-0bdb-43fd-9bd9-fe6a6b68fde4', 'Cache-Control': 'no-cache, no-store, no-transform', 'Vary': 'Accept-Encoding', 'X-Content-Type-Options': 'nosniff', 'X-Xss-Protection': '1; mode=block', 'Atl-Traceid': 'f977bd6fa5d74a93ba426a79912f9bdc', 'Atl-Request-Id': 'f977bd6f-a5d7-4a93-ba42-6a79912f9bdc', 'Strict-Transport-Security': 'max-age=63072000; includeSubDomains; preload', 'Report-To': '{"endpoints": [{"url": "https://dz8aopenkvv6s.cloudfront.net"}], "group": "endpoint-1", "include_subdomains": true, "max_age": 600}', 'Nel': '{"failure_fraction": 0.001, "include_subdomains": true, "max_age": 600, "report_to": "endpoint-1"}', 'Server-Timing': 'atl-edge;dur=902,atl-edge-internal;dur=11,atl-edge-upstream;dur=891,atl-edge-pop;desc="aws-eu-central-2"'} 
 body=None 
 </msg>
<msg time="2025-03-07T01:09:34.273390" level="INFO">c:\Users\geams\OneDrive\Bureau\ProjetAlten\.venv\Lib\site-packages\urllib3\connectionpool.py:1097: InsecureRequestWarning: Unverified HTTPS request is being made to host 'riadamine59.atlassian.net'. Adding certificate verification is strongly advised. See: https://urllib3.readthedocs.io/en/latest/advanced-usage.html#tls-warnings
  warnings.warn(</msg>
<msg time="2025-03-07T01:09:34.274391" level="INFO">${response} = &lt;Response [204]&gt;</msg>
<var>${response}</var>
<arg>jira</arg>
<arg>/rest/api/2/issue/${ticket_id}/transitions</arg>
<arg>json=${data}</arg>
<doc>Sends a POST request on a previously created HTTP Session.</doc>
<status status="PASS" start="2025-03-07T01:09:33.297639" elapsed="0.976752"/>
</kw>
<kw name="Log" owner="BuiltIn">
<msg time="2025-03-07T01:09:34.275393" level="INFO">"🔹 Réponse HTTP: 204"</msg>
<arg>"🔹 Réponse HTTP: ${response.status_code}"</arg>
<doc>Logs the given message with the given level.</doc>
<status status="PASS" start="2025-03-07T01:09:34.274391" elapsed="0.001002"/>
</kw>
<kw name="Log" owner="BuiltIn">
<msg time="2025-03-07T01:09:34.275393" level="INFO">"🔹 Contenu de la réponse: "</msg>
<arg>"🔹 Contenu de la réponse: ${response.content}"</arg>
<doc>Logs the given message with the given level.</doc>
<status status="PASS" start="2025-03-07T01:09:34.275393" elapsed="0.000000"/>
</kw>
<kw name="Should Be Equal As Numbers" owner="BuiltIn">
<msg time="2025-03-07T01:09:34.275393" level="INFO">Argument types are:
&lt;class 'int'&gt;
&lt;class 'str'&gt;</msg>
<arg>${response.status_code}</arg>
<arg>204</arg>
<doc>Fails if objects are unequal after converting them to real numbers.</doc>
<status status="PASS" start="2025-03-07T01:09:34.275393" elapsed="0.000000"/>
</kw>
<kw name="Log" owner="BuiltIn">
<msg time="2025-03-07T01:09:34.276407" level="INFO">"✅ Ticket 10133 mis à jour avec la transition ID 211"</msg>
<arg>"✅ Ticket ${ticket_id} mis à jour avec la transition ID ${transition_id}"</arg>
<doc>Logs the given message with the given level.</doc>
<status status="PASS" start="2025-03-07T01:09:34.275393" elapsed="0.001014"/>
</kw>
<arg>${ticket_id}</arg>
<arg>211</arg>
<doc>Change le statut du ticket Jira via une transition.</doc>
<status status="PASS" start="2025-03-07T01:09:33.296639" elapsed="0.979768"/>
</kw>
<doc>Créer un ticket et ajouter un commentaire, mettre à jour le statut, et ajouter une pièce jointe.</doc>
<status status="PASS" start="2025-03-07T01:09:30.394191" elapsed="3.882216"/>
</test>
<status status="PASS" start="2025-03-07T01:09:29.872192" elapsed="4.406200"/>
</suite>
<statistics>
<total>
<stat pass="1" fail="0" skip="0">All Tests</stat>
</total>
<tag>
</tag>
<suite>
<stat name="Test Incident" id="s1" pass="1" fail="0" skip="0">Test Incident</stat>
</suite>
</statistics>
<errors>
<msg time="2025-03-07T01:09:29.865191" level="WARN">Error in file 'C:\Users\geams\OneDrive\Bureau\ProjetAlten\test_incident.robot' on line 67: The '[Return]' setting is deprecated. Use the 'RETURN' statement instead.</msg>
</errors>
</robot>
