<?xml version="1.0" encoding="UTF-8"?>
<robot generator="Robot 7.2.2 (Python 3.12.0 on win32)" generated="2025-03-04T00:13:41.023963" rpa="false" schemaversion="5">
<suite id="s1" name="Test Incident" source="C:\Users\geams\OneDrive\Bureau\ProjetAlten\test_incident.robot">
<test id="s1-t1" name="Créer un ticket Jira pour un incident récupéré" line="12">
<kw name="Create Dictionary" owner="BuiltIn">
<msg time="2025-03-04T00:13:41.403031" level="INFO">${project} = {'key': 'AL'}</msg>
<var>${project}</var>
<arg>key=AL</arg>
<doc>Creates and returns a dictionary based on the given ``items``.</doc>
<status status="PASS" start="2025-03-04T00:13:41.403031" elapsed="0.000000"/>
</kw>
<kw name="Create Dictionary" owner="BuiltIn">
<msg time="2025-03-04T00:13:41.403031" level="INFO">${issuetype} = {'name': 'Tâche'}</msg>
<var>${issuetype}</var>
<arg>name=Tâche</arg>
<doc>Creates and returns a dictionary based on the given ``items``.</doc>
<status status="PASS" start="2025-03-04T00:13:41.403031" elapsed="0.000000"/>
</kw>
<kw name="Create Dictionary" owner="BuiltIn">
<msg time="2025-03-04T00:13:41.403031" level="INFO">${fields} = {'project': {'key': 'AL'}, 'summary': 'Incident de test depuis Robot Framework', 'description': 'Test manuel avant automatisation', 'issuetype': {'name': 'Tâche'}}</msg>
<var>${fields}</var>
<arg>project=${project}</arg>
<arg>summary=Incident de test depuis Robot Framework</arg>
<arg>description=Test manuel avant automatisation</arg>
<arg>issuetype=${issuetype}</arg>
<doc>Creates and returns a dictionary based on the given ``items``.</doc>
<status status="PASS" start="2025-03-04T00:13:41.403031" elapsed="0.000000"/>
</kw>
<kw name="Create Dictionary" owner="BuiltIn">
<msg time="2025-03-04T00:13:41.403031" level="INFO">${data} = {'fields': {'project': {'key': 'AL'}, 'summary': 'Incident de test depuis Robot Framework', 'description': 'Test manuel avant automatisation', 'issuetype': {'name': 'Tâche'}}}</msg>
<var>${data}</var>
<arg>fields=${fields}</arg>
<doc>Creates and returns a dictionary based on the given ``items``.</doc>
<status status="PASS" start="2025-03-04T00:13:41.403031" elapsed="0.000000"/>
</kw>
<kw name="Create Dictionary" owner="BuiltIn">
<msg time="2025-03-04T00:13:41.403031" level="INFO">${headers} = {'Content-Type': 'application/json'}</msg>
<var>${headers}</var>
<arg>Content-Type=application/json</arg>
<doc>Creates and returns a dictionary based on the given ``items``.</doc>
<status status="PASS" start="2025-03-04T00:13:41.403031" elapsed="0.000000"/>
</kw>
<kw name="Create List" owner="BuiltIn">
<msg time="2025-03-04T00:13:41.403031" level="INFO">${auth} = ['riadamine59@gmail.com', 'ATATT3xFfGF0iz_oNz899-uSJQYn8zxAQCPPN8di_sX5sbgqRe5ZWk6LML4HEvo0Vvsz5FS8_MCAjEVeWC9o-QdQ4eo3Cnsv-EAmpzHmanumHtLxoxWF4QkPQ5xVjPN6Yvkdf0RZdd0nTo9qMCfjCnkg7Fk-sBFKFArusJIdxpQXJ...</msg>
<var>${auth}</var>
<arg>${JIRA_USER}</arg>
<arg>${JIRA_TOKEN}</arg>
<doc>Returns a list containing given items.</doc>
<status status="PASS" start="2025-03-04T00:13:41.403031" elapsed="0.000000"/>
</kw>
<kw name="Create Session" owner="RequestsLibrary">
<msg time="2025-03-04T00:13:41.403031" level="INFO">Creating Session using : alias=jira, url=https://riadamine59.atlassian.net, headers={'Content-Type': 'application/json'},                     cookies={}, auth=&lt;requests.auth.HTTPBasicAuth object at 0x000001FD3C59E3C0&gt;, timeout=None, proxies=None, verify=False,                     debug=0 </msg>
<arg>jira</arg>
<arg>${JIRA_URL}</arg>
<arg>auth=${auth}</arg>
<arg>headers=${headers}</arg>
<doc>Create Session: create a HTTP session to a server</doc>
<status status="PASS" start="2025-03-04T00:13:41.403031" elapsed="0.000000"/>
</kw>
<kw name="POST On Session" owner="RequestsLibrary">
<msg time="2025-03-04T00:13:42.361916" level="INFO">POST Request : url=https://riadamine59.atlassian.net/rest/api/2/issue 
 path_url=/rest/api/2/issue 
 headers={'User-Agent': 'python-requests/2.32.3', 'Accept-Encoding': 'gzip, deflate', 'Accept': '*/*', 'Connection': 'keep-alive', 'Content-Type': 'application/json', 'Content-Length': '180', 'Authorization': 'Basic cmlhZGFtaW5lNTlAZ21haWwuY29tOkFUQVRUM3hGZkdGMGl6X29Oejg5OS11U0pRWW44enhBUUNQUE44ZGlfc1g1c2JncVJlNVpXazZMTUw0SEV2bzBWdnN6NUZTOF9NQ0FqRVZlV0M5by1RZFE0ZW8zQ25zdi1FQW1wekhtYW51bUh0THhveFdGNFFrUFE1eFZqUE42WXZrZGYwUlpkZDBuVG85cU1DZmpDbmtnN0ZrLXNCRktGQXJ1c0pJZHhwUVhKaUdZbEg1RE1NRT1BQjNBMDRENA=='} 
 body=b'{"fields": {"project": {"key": "AL"}, "summary": "Incident de test depuis Robot Framework", "description": "Test manuel avant automatisation", "issuetype": {"name": "T\\u00e2che"}}}' 
 </msg>
<msg time="2025-03-04T00:13:42.361916" level="INFO">POST Response : url=https://riadamine59.atlassian.net/rest/api/2/issue 
 status=201, reason=Created 
 headers={'Date': 'Tue, 04 Mar 2025 00:13:41 GMT', 'Content-Type': 'application/json;charset=UTF-8', 'Server': 'AtlassianEdge', 'Timing-Allow-Origin': '*', 'X-Arequestid': '7ede2583ec422ca7ae8e9d9f9be3db64', 'Set-Cookie': 'atlassian.xsrf.token=d6165e2c6d4ae942294dc791df71c24b76664e7a_lin; Path=/; SameSite=None; Secure', 'X-Aaccountid': '712020%3Ac146a5a7-0bdb-43fd-9bd9-fe6a6b68fde4', 'Cache-Control': 'no-cache, no-store, no-transform', 'Vary': 'Accept-Encoding', 'X-Content-Type-Options': 'nosniff', 'X-Xss-Protection': '1; mode=block', 'Atl-Traceid': 'fc165898e67f471d8413d65015abe0d3', 'Atl-Request-Id': 'fc165898-e67f-471d-8413-d65015abe0d3', 'Strict-Transport-Security': 'max-age=63072000; includeSubDomains; preload', 'Report-To': '{"endpoints": [{"url": "https://dz8aopenkvv6s.cloudfront.net"}], "group": "endpoint-1", "include_subdomains": true, "max_age": 600}', 'Nel': '{"failure_fraction": 0.001, "include_subdomains": true, "max_age": 600, "report_to": "endpoint-1"}', 'Server-Timing': 'atl-edge;dur=724,atl-edge-internal;dur=13,atl-edge-upstream;dur=712,atl-edge-pop;desc="aws-eu-central-2"', 'Transfer-Encoding': 'chunked'} 
 body={"id":"10070","key":"AL-11","self":"https://riadamine59.atlassian.net/rest/api/2/issue/10070"} 
 </msg>
<msg time="2025-03-04T00:13:42.361916" level="INFO">c:\Users\geams\OneDrive\Bureau\ProjetAlten\.venv\Lib\site-packages\urllib3\connectionpool.py:1097: InsecureRequestWarning: Unverified HTTPS request is being made to host 'riadamine59.atlassian.net'. Adding certificate verification is strongly advised. See: https://urllib3.readthedocs.io/en/latest/advanced-usage.html#tls-warnings
  warnings.warn(</msg>
<msg time="2025-03-04T00:13:42.361916" level="INFO">${response} = &lt;Response [201]&gt;</msg>
<var>${response}</var>
<arg>jira</arg>
<arg>/rest/api/2/issue</arg>
<arg>json=${data}</arg>
<doc>Sends a POST request on a previously created HTTP Session.</doc>
<status status="PASS" start="2025-03-04T00:13:41.403031" elapsed="0.958885"/>
</kw>
<kw name="Log" owner="BuiltIn">
<msg time="2025-03-04T00:13:42.361916" level="INFO">201</msg>
<arg>${response.status_code}</arg>
<doc>Logs the given message with the given level.</doc>
<status status="PASS" start="2025-03-04T00:13:42.361916" elapsed="0.000000"/>
</kw>
<kw name="Log" owner="BuiltIn">
<msg time="2025-03-04T00:13:42.361916" level="INFO">{"id":"10070","key":"AL-11","self":"https://riadamine59.atlassian.net/rest/api/2/issue/10070"}</msg>
<arg>${response.content}</arg>
<doc>Logs the given message with the given level.</doc>
<status status="PASS" start="2025-03-04T00:13:42.361916" elapsed="0.000000"/>
</kw>
<kw name="Should Be Equal As Numbers" owner="BuiltIn">
<msg time="2025-03-04T00:13:42.361916" level="INFO">Argument types are:
&lt;class 'int'&gt;
&lt;class 'str'&gt;</msg>
<arg>${response.status_code}</arg>
<arg>201</arg>
<doc>Fails if objects are unequal after converting them to real numbers.</doc>
<status status="PASS" start="2025-03-04T00:13:42.361916" elapsed="0.000000"/>
</kw>
<kw name="Log" owner="BuiltIn">
<msg time="2025-03-04T00:13:42.361916" level="INFO">"✅ Ticket Jira créé avec succès"</msg>
<arg>"✅ Ticket Jira créé avec succès"</arg>
<doc>Logs the given message with the given level.</doc>
<status status="PASS" start="2025-03-04T00:13:42.361916" elapsed="0.000000"/>
</kw>
<kw name="Get Value From Json" owner="JSONLibrary">
<msg time="2025-03-04T00:13:42.382839" level="INFO">${ticket_id} = ['10070']</msg>
<var>${ticket_id}</var>
<arg>${response.json()}</arg>
<arg>$.id</arg>
<doc>Get Value From JSON using JSONPath</doc>
<status status="PASS" start="2025-03-04T00:13:42.369005" elapsed="0.013834"/>
</kw>
<kw name="Set Variable" owner="BuiltIn">
<msg time="2025-03-04T00:13:42.382839" level="INFO">${ticket_id} = 10070</msg>
<var>${ticket_id}</var>
<arg>${ticket_id}[0]</arg>
<doc>Returns the given values which can then be assigned to a variables.</doc>
<status status="PASS" start="2025-03-04T00:13:42.382839" elapsed="0.000000"/>
</kw>
<kw name="Log" owner="BuiltIn">
<msg time="2025-03-04T00:13:42.382839" level="INFO">"🔹 ID du ticket Jira: 10070"</msg>
<arg>"🔹 ID du ticket Jira: ${ticket_id}"</arg>
<doc>Logs the given message with the given level.</doc>
<status status="PASS" start="2025-03-04T00:13:42.382839" elapsed="0.000000"/>
</kw>
<kw name="GET On Session" owner="RequestsLibrary">
<msg time="2025-03-04T00:13:42.660427" level="INFO">GET Request : url=https://riadamine59.atlassian.net/rest/api/2/issue/10070 
 path_url=/rest/api/2/issue/10070 
 headers={'User-Agent': 'python-requests/2.32.3', 'Accept-Encoding': 'gzip, deflate', 'Accept': '*/*', 'Connection': 'keep-alive', 'Content-Type': 'application/json', 'Cookie': 'atlassian.xsrf.token=d6165e2c6d4ae942294dc791df71c24b76664e7a_lin', 'Authorization': 'Basic cmlhZGFtaW5lNTlAZ21haWwuY29tOkFUQVRUM3hGZkdGMGl6X29Oejg5OS11U0pRWW44enhBUUNQUE44ZGlfc1g1c2JncVJlNVpXazZMTUw0SEV2bzBWdnN6NUZTOF9NQ0FqRVZlV0M5by1RZFE0ZW8zQ25zdi1FQW1wekhtYW51bUh0THhveFdGNFFrUFE1eFZqUE42WXZrZGYwUlpkZDBuVG85cU1DZmpDbmtnN0ZrLXNCRktGQXJ1c0pJZHhwUVhKaUdZbEg1RE1NRT1BQjNBMDRENA=='} 
 body=None 
 </msg>
<msg time="2025-03-04T00:13:42.660427" level="INFO">GET Response : url=https://riadamine59.atlassian.net/rest/api/2/issue/10070 
 status=200, reason=OK 
 headers={'Date': 'Tue, 04 Mar 2025 00:13:41 GMT', 'Content-Type': 'application/json;charset=UTF-8', 'Server': 'AtlassianEdge', 'Timing-Allow-Origin': '*', 'X-Arequestid': 'b88e1fc774f0acadcb6a3b70bf9961da', 'X-Aaccountid': '712020%3Ac146a5a7-0bdb-43fd-9bd9-fe6a6b68fde4', 'Cache-Control': 'no-cache, no-store, no-transform', 'Vary': 'Accept-Encoding', 'Content-Encoding': 'gzip', 'X-Content-Type-Options': 'nosniff', 'X-Xss-Protection': '1; mode=block', 'Atl-Traceid': '66d64f792f254438bd91e17a95fcd069', 'Atl-Request-Id': '66d64f79-2f25-4438-bd91-e17a95fcd069', 'Strict-Transport-Security': 'max-age=63072000; includeSubDomains; preload', 'Report-To': '{"endpoints": [{"url": "https://dz8aopenkvv6s.cloudfront.net"}], "group": "endpoint-1", "include_subdomains": true, "max_age": 600}', 'Nel': '{"failure_fraction": 0.001, "include_subdomains": true, "max_age": 600, "report_to": "endpoint-1"}', 'Server-Timing': 'atl-edge;dur=226,atl-edge-internal;dur=14,atl-edge-upstream;dur=213,atl-edge-pop;desc="aws-eu-central-2"', 'Transfer-Encoding': 'chunked'} 
 body={"expand":"renderedFields,names,schema,operations,editmeta,changelog,versionedRepresentations,customfield_10010.requestTypePractice","id":"10070","self":"https://riadamine59.atlassian.net/rest/api/2/issue/10070","key":"AL-11","fields":{"statuscategorychangedate":"2025-03-04T00:13:41.064+0000","issuetype":{"self":"https://riadamine59.atlassian.net/rest/api/2/issuetype/10001","id":"10001","description":"Une tâche distincte.","iconUrl":"https://riadamine59.atlassian.net/rest/api/2/universal_avatar/view/type/issuetype/avatar/10318?size=medium","name":"Tâche","subtask":false,"avatarId":10318,"entityId":"f4011212-2a9e-4d5c-a1b5-b264cc9677e8","hierarchyLevel":0},"timespent":null,"customfield_10030":null,"project":{"self":"https://riadamine59.atlassian.net/rest/api/2/project/10000","id":"10000","key":"AL","name":"Alten","projectTypeKey":"business","simplified":true,"avatarUrls":{"48x48":"https://riadamine59.atlassian.net/rest/api/2/universal_avatar/view/type/project/avatar/10424","24x24":"https://riadamine59.atlassian.net/rest/api/2/universal_avatar/view/type/project/avatar/10424?size=small","16x16":"https://riadamine59.atlassian.net/rest/api/2/universal_avatar/view/type/project/avatar/10424?size=xsmall","32x32":"https://riadamine59.atlassian.net/rest/api/2/universal_avatar/view/type/project/avatar/10424?size=medium"}},"customfield_10031":null,"fixVersions":[],"customfield_10033":null,"aggregatetimespent":null,"customfield_10034":null,"resolution":null,"customfield_10035":null,"customfield_10036":null,"customfield_10027":null,"customfield_10028":null,"customfield_10029":null,"resolutiondate":null,"workratio":-1,"watches":{"self":"https://riadamine59.atlassian.net/rest/api/2/issue/AL-11/watchers","watchCount":1,"isWatching":true},"issuerestriction":{"issuerestrictions":{},"shouldDisplay":true},"lastViewed":null,"created":"2025-03-04T00:13:40.719+0000","customfield_10020":null,"customfield_10021":null,"customfield_10022":null,"priority":{"self":"https://riadamine59.atlassian.net/rest/api/2/priority/3","iconUrl":"https://riadamine59.atlassian.net/images/icons/priorities/medium.svg","name":"Medium","id":"3"},"customfield_10023":null,"customfield_10024":null,"customfield_10025":null,"labels":[],"customfield_10026":null,"customfield_10016":null,"customfield_10017":null,"customfield_10018":{"hasEpicLinkFieldDependency":false,"showField":false,"nonEditableReason":{"reason":"EPIC_LINK_SHOULD_BE_USED","message":"Pour définir une epic comme parent, utilisez plutôt le lien de l'epic."}},"customfield_10019":"0|i0003b:","timeestimate":null,"aggregatetimeoriginalestimate":null,"versions":[],"issuelinks":[],"assignee":null,"updated":"2025-03-04T00:13:40.788+0000","status":{"self":"https://riadamine59.atlassian.net/rest/api/2/status/10000","description":"Le ticket est ouvert et prêt à être traité par la personne assignée.","iconUrl":"https://riadamine59.atlassian.net/","name":"Ouvert","id":"10000","statusCategory":{"self":"https://riadamine59.atlassian.net/rest/api/2/statuscategory/2","id":2,"key":"new","colorName":"blue-gray","name":"A faire"}},"components":[],"timeoriginalestimate":null,"description":"Test manuel avant automatisation","customfield_10010":null,"customfield_10014":null,"timetracking":{},"customfield_10015":null,"customfield_10005":null,"customfield_10006":null,"security":null,"customfield_10007":null,"customfield_10008":null,"customfield_10009":null,"attachment":[],"aggregatetimeestimate":null,"summary":"Incident de test depuis Robot Framework","creator":{"self":"https://riadamine59.atlassian.net/rest/api/2/user?accountId=712020%3Ac146a5a7-0bdb-43fd-9bd9-fe6a6b68fde4","accountId":"712020:c146a5a7-0bdb-43fd-9bd9-fe6a6b68fde4","emailAddress":"riadamine59@gmail.com","avatarUrls":{"48x48":"https://secure.gravatar.com/avatar/91107b565c24a90945b353d3b124c68f?d=https%3A%2F%2Favatar-management--avatars.us-west-2.prod.public.atl-paas.net%2Finitials%2FRM-6.png","24x24":"https://secure.gravatar.com/avatar/91107b565c24a90945b353d3b124c68f?d=https%3A%2F%2Favatar-management--avatars.us-west-2.prod.public.atl-paas.net%2Finitials%2FRM-6.png","16x16":"https://secure.gravatar.com/avatar/91107b565c24a90945b353d3b124c68f?d=https%3A%2F%2Favatar-management--avatars.us-west-2.prod.public.atl-paas.net%2Finitials%2FRM-6.png","32x32":"https://secure.gravatar.com/avatar/91107b565c24a90945b353d3b124c68f?d=https%3A%2F%2Favatar-management--avatars.us-west-2.prod.public.atl-paas.net%2Finitials%2FRM-6.png"},"displayName":"Riad El Moudden","active":true,"timeZone":"Africa/Casablanca","accountType":"atlassian"},"subtasks":[],"reporter":{"self":"https://riadamine59.atlassian.net/rest/api/2/user?accountId=712020%3Ac146a5a7-0bdb-43fd-9bd9-fe6a6b68fde4","accountId":"712020:c146a5a7-0bdb-43fd-9bd9-fe6a6b68fde4","emailAddress":"riadamine59@gmail.com","avatarUrls":{"48x48":"https://secure.gravatar.com/avatar/91107b565c24a90945b353d3b124c68f?d=https%3A%2F%2Favatar-management--avatars.us-west-2.prod.public.atl-paas.net%2Finitials%2FRM-6.png","24x24":"https://secure.gravatar.com/avatar/91107b565c24a90945b353d3b124c68f?d=https%3A%2F%2Favatar-management--avatars.us-west-2.prod.public.atl-paas.net%2Finitials%2FRM-6.png","16x16":"https://secure.gravatar.com/avatar/91107b565c24a90945b353d3b124c68f?d=https%3A%2F%2Favatar-management--avatars.us-west-2.prod.public.atl-paas.net%2Finitials%2FRM-6.png","32x32":"https://secure.gravatar.com/avatar/91107b565c24a90945b353d3b124c68f?d=https%3A%2F%2Favatar-management--avatars.us-west-2.prod.public.atl-paas.net%2Finitials%2FRM-6.png"},"displayName":"Riad El Moudden","active":true,"timeZone":"Africa/Casablanca","accountType":"atlassian"},"aggregateprogress":{"progress":0,"total":0},"customfield_10001":null,"customfield_10002":[],"customfield_10003":null,"customfield_10004":null,"environment":null,"duedate":null,"progress":{"progress":0,"total":0},"votes":{"self":"https://riadamine59.atlassian.net/rest/api/2/issue/AL-11/votes","votes":0,"hasVoted":false},"comment":{"comments":[],"self":"https://riadamine59.atlassian.net/rest/api/2/issue/10070/comment","maxResults":0,"total":0,"startAt":0},"worklog":{"startAt":0,"maxResults":20,"total":0,"worklogs":[]}}} 
 </msg>
<msg time="2025-03-04T00:13:42.660427" level="INFO">c:\Users\geams\OneDrive\Bureau\ProjetAlten\.venv\Lib\site-packages\urllib3\connectionpool.py:1097: InsecureRequestWarning: Unverified HTTPS request is being made to host 'riadamine59.atlassian.net'. Adding certificate verification is strongly advised. See: https://urllib3.readthedocs.io/en/latest/advanced-usage.html#tls-warnings
  warnings.warn(</msg>
<msg time="2025-03-04T00:13:42.660427" level="INFO">${ticket_response} = &lt;Response [200]&gt;</msg>
<var>${ticket_response}</var>
<arg>jira</arg>
<arg>/rest/api/2/issue/${ticket_id}</arg>
<doc>Sends a GET request on a previously created HTTP Session.</doc>
<status status="PASS" start="2025-03-04T00:13:42.382839" elapsed="0.277588"/>
</kw>
<kw name="Should Be Equal As Numbers" owner="BuiltIn">
<msg time="2025-03-04T00:13:42.660427" level="INFO">Argument types are:
&lt;class 'int'&gt;
&lt;class 'str'&gt;</msg>
<arg>${ticket_response.status_code}</arg>
<arg>200</arg>
<doc>Fails if objects are unequal after converting them to real numbers.</doc>
<status status="PASS" start="2025-03-04T00:13:42.660427" elapsed="0.000000"/>
</kw>
<kw name="Log" owner="BuiltIn">
<msg time="2025-03-04T00:13:42.660427" level="INFO">"✅ Ticket Jira récupéré avec succès"</msg>
<arg>"✅ Ticket Jira récupéré avec succès"</arg>
<doc>Logs the given message with the given level.</doc>
<status status="PASS" start="2025-03-04T00:13:42.660427" elapsed="0.000000"/>
</kw>
<doc>Tester la création d'un ticket Jira avec les mêmes données que Postman</doc>
<status status="PASS" start="2025-03-04T00:13:41.387401" elapsed="1.273026"/>
</test>
<status status="PASS" start="2025-03-04T00:13:41.023963" elapsed="1.652723"/>
</suite>
<statistics>
<total>
<stat pass="1" fail="0" skip="0">All Tests</stat>
</total>
<tag>
</tag>
<suite>
<stat name="Test Incident" id="s1" pass="1" fail="0" skip="0">Test Incident</stat>
</suite>
</statistics>
<errors>
</errors>
</robot>
